<?xml version="1.0" ?>
<!DOCTYPE coverage SYSTEM "http://cobertura.sourceforge.net/xml/coverage-04.dtd">
<coverage lines-valid="19"  lines-covered="16"  line-rate="0.8421"  branches-valid="2"  branches-covered="1"  branch-rate="0.5"  timestamp="1383068009805" complexity="0" version="0.1">
<sources>
	<source>/Users/d.budge/Sites/devbox/assethandler</source>
</sources>
<packages>
	<package name="javascripts"  line-rate="0.8462000000000001"  branch-rate="1" >
	<classes>
		<class name="additional.js"  filename="web/app/assets/javascripts/additional.js"  line-rate="1"  branch-rate="1" >
		<methods>
			<method name="add"  hits="1"  signature="()V" >
				<lines><line number="1"  hits="1" /></lines>
			</method>
		</methods>
		<lines>
			<line number="1"  hits="1"  branch="false" />
			<line number="2"  hits="1"  branch="false" />
			<line number="5"  hits="1"  branch="false" />
		</lines>
		</class>
		<class name="main.js"  filename="web/app/assets/javascripts/main.js"  line-rate="0.75"  branch-rate="1" >
		<methods>
			<method name="main"  hits="1"  signature="()V" >
				<lines><line number="2"  hits="1" /></lines>
			</method>
			<method name="triggercoveragetool"  hits="0"  signature="()V" >
				<lines><line number="6"  hits="0" /></lines>
			</method>
		</methods>
		<lines>
			<line number="2"  hits="1"  branch="false" />
			<line number="3"  hits="1"  branch="false" />
			<line number="4"  hits="1"  branch="false" />
			<line number="6"  hits="1"  branch="false" />
			<line number="7"  hits="0"  branch="false" />
			<line number="8"  hits="0"  branch="false" />
			<line number="11"  hits="1"  branch="false" />
			<line number="12"  hits="1"  branch="false" />
		</lines>
		</class>
		<class name="special.js"  filename="web/app/assets/javascripts/special.js"  line-rate="1"  branch-rate="1" >
		<methods>
		</methods>
		<lines>
			<line number="1"  hits="1"  branch="false" />
			<line number="2"  hits="1"  branch="false" />
		</lines>
		</class>
	</classes>
	</package>
	<package name="javascripts.subfolder"  line-rate="1"  branch-rate="1" >
	<classes>
		<class name="sub5.js"  filename="web/app/assets/javascripts/subfolder/sub5.js"  line-rate="1"  branch-rate="1" >
		<methods>
		</methods>
		<lines>
		</lines>
		</class>
		<class name="subfile.js"  filename="web/app/assets/javascripts/subfolder/subfile.js"  line-rate="1"  branch-rate="1" >
		<methods>
		</methods>
		<lines>
			<line number="1"  hits="1"  branch="false" />
			<line number="2"  hits="1"  branch="false" />
		</lines>
		</class>
	</classes>
	</package>
	<package name="javascripts.subfolder.nest2"  line-rate="0.75"  branch-rate="0.5" >
	<classes>
		<class name="nest2.js"  filename="web/app/assets/javascripts/subfolder/nest2/nest2.js"  line-rate="0.75"  branch-rate="0.5" >
		<methods>
		</methods>
		<lines>
			<line number="1"  hits="1"  branch="false" />
			<line number="2"  hits="1"  branch="true"  condition-coverage="50% (1/2)" />
			<line number="3"  hits="0"  branch="false" />
			<line number="5"  hits="1"  branch="false" />
		</lines>
		</class>
	</classes>
	</package>
</packages>
</coverage>
