{"web/app/assets/javascripts/additional.js":{"path":"web/app/assets/javascripts/additional.js","s":{"1":1,"2":1,"3":1},"b":{},"f":{"1":1},"fnMap":{"1":{"name":"add","line":1,"loc":{"start":{"line":1,"column":-15},"end":{"line":1,"column":15}}}},"statementMap":{"1":{"start":{"line":1,"column":-15},"end":{"line":3,"column":1}},"2":{"start":{"line":2,"column":2},"end":{"line":2,"column":55}},"3":{"start":{"line":5,"column":0},"end":{"line":5,"column":6}}},"branchMap":{}},"web/app/assets/javascripts/main.js":{"path":"web/app/assets/javascripts/main.js","s":{"1":1,"2":1,"3":1,"4":1,"5":0,"6":0,"7":1,"8":1},"b":{},"f":{"1":1,"2":0},"fnMap":{"1":{"name":"main","line":2,"loc":{"start":{"line":2,"column":0},"end":{"line":2,"column":16}}},"2":{"name":"triggercoveragetool","line":6,"loc":{"start":{"line":6,"column":0},"end":{"line":6,"column":32}}}},"statementMap":{"1":{"start":{"line":2,"column":0},"end":{"line":5,"column":1}},"2":{"start":{"line":3,"column":4},"end":{"line":3,"column":24}},"3":{"start":{"line":4,"column":4},"end":{"line":4,"column":55}},"4":{"start":{"line":6,"column":0},"end":{"line":9,"column":1}},"5":{"start":{"line":7,"column":4},"end":{"line":7,"column":76}},"6":{"start":{"line":8,"column":4},"end":{"line":8,"column":13}},"7":{"start":{"line":11,"column":0},"end":{"line":11,"column":7}},"8":{"start":{"line":12,"column":0},"end":{"line":12,"column":13}}},"branchMap":{}},"web/app/assets/javascripts/special.js":{"path":"web/app/assets/javascripts/special.js","s":{"1":1,"2":1},"b":{},"f":{},"fnMap":{},"statementMap":{"1":{"start":{"line":1,"column":0},"end":{"line":1,"column":9}},"2":{"start":{"line":2,"column":0},"end":{"line":2,"column":40}}},"branchMap":{}},"web/app/assets/javascripts/subfolder/nest2/nest2.js":{"path":"web/app/assets/javascripts/subfolder/nest2/nest2.js","s":{"1":1,"2":1,"3":0,"4":1},"b":{"1":[0,1]},"f":{},"fnMap":{},"statementMap":{"1":{"start":{"line":1,"column":0},"end":{"line":1,"column":12}},"2":{"start":{"line":2,"column":0},"end":{"line":4,"column":1}},"3":{"start":{"line":3,"column":4},"end":{"line":3,"column":39}},"4":{"start":{"line":5,"column":0},"end":{"line":5,"column":61}}},"branchMap":{"1":{"line":2,"type":"if","locations":[{"start":{"line":2,"column":0},"end":{"line":2,"column":0}},{"start":{"line":2,"column":0},"end":{"line":2,"column":0}}]}}},"web/app/assets/javascripts/subfolder/subfile.js":{"path":"web/app/assets/javascripts/subfolder/subfile.js","s":{"1":1,"2":1},"b":{},"f":{},"fnMap":{},"statementMap":{"1":{"start":{"line":1,"column":0},"end":{"line":1,"column":16}},"2":{"start":{"line":2,"column":0},"end":{"line":2,"column":31}}},"branchMap":{}}}